2024-12-09T16:26:28.053Z [INFO]: /api/v1/projects GET
2024-12-09T16:26:41.952Z [INFO]: /api/v1/projects/5 GET
2024-12-09T16:29:08.130Z [INFO]: /api/v1/projects GET
2024-12-09T16:29:30.906Z [INFO]: /api/v1/projects/1 GET
2024-12-09T16:29:53.791Z [INFO]: /api/v1/projects/1 GET
2024-12-09T16:30:48.549Z [INFO]: /api/v1/projects/1 GET
2024-12-09T16:31:17.238Z [INFO]: /api/v1/projects/1 GET
2024-12-09T16:31:58.034Z [INFO]: /api/v1/users POST
2024-12-09T16:51:43.032Z [INFO]: /api/v1/projects/1 GET
2024-12-09T17:04:25.472Z [INFO]: /api/v1/projects/1 GET
2024-12-09T17:05:03.547Z [INFO]: /api/v1/projects GET
2024-12-09T17:05:12.895Z [INFO]: /api/v1/projects/5 GET
2024-12-09T17:06:30.522Z [INFO]: /api/v1/projects/5 GET
2024-12-09T17:09:36.658Z [INFO]: /api/v1/projects/5 GET
2024-12-09T17:11:01.953Z [INFO]: /api/v1/projects/5 GET
2024-12-09T17:11:39.751Z [INFO]: /api/v1/projects/5 GET
2024-12-09T17:12:30.315Z [INFO]: /api/v1/projects/5 GET
2024-12-09T17:25:40.715Z [INFO]: /api/v1/projects GET
2024-12-09T17:30:25.050Z [INFO]: /api/v1/projects/1 GET
2024-12-09T17:30:59.364Z [INFO]: /api/v1/projects/1 GET
2024-12-09T17:31:30.986Z [INFO]: /api/v1/projects/1 GET
2024-12-10T10:13:08.930Z [INFO]: /productos GET
2024-12-10T15:06:02.760Z [INFO]: /api/v1/projects GET
2024-12-10T15:06:22.679Z [INFO]: /api/v1/projects/5 DELETE
2024-12-10T15:07:55.118Z [INFO]: /api/v1/projects/5 DELETE
2024-12-10T15:15:49.637Z [INFO]: /api/v1/users GET
2024-12-10T15:17:56.784Z [INFO]: /api/v1/users GET
2024-12-10T15:20:21.430Z [INFO]: /api/v1/projects GET
2024-12-10T15:36:24.102Z [INFO]: /api/v1/users GET
2024-12-10T15:39:35.566Z [INFO]: /api/v1/users GET
2024-12-10T15:40:54.057Z [INFO]: /api/v1/users GET
2024-12-10T15:41:25.547Z [INFO]: /api/v1/users GET
2024-12-10T21:54:45.477Z [INFO]: /productos GET
